<?xml version="1.0" encoding="UTF-8" ?>
<!DOCTYPE mapper
  PUBLIC "-//mybatis.org//DTD Mapper 3.0//EN"
  "https://mybatis.org/dtd/mybatis-3-mapper.dtd">
<mapper namespace="lyj">
  <select id="dual" resultType="Integer">
    select 1 from dual
  </select>
  <select id="voselect" resultType="lyj.lyjVO">
    select 'dbfield1' field1 , 999 field2 from dual
  </select>
  <select id="listselect" resultType="lyj.lyjVO">
    select 'dbfield1' field1, 8888 field2 from dual union select 'dbfield2' field1, 9999 field2 from dual
  </select>
  <select id="selectwhere1" resultType="String">
    select name from customer where id=#{asdf}
  </select>
  <select id="selectwhere2" resultType="customer.CustomerVO">
    select name from customer
    where id=#{id} and name = #{name}
  </select>
  <select id="selectwhere3" resultType="customer.CustomerVO">
    select * from customer
    where id > 102
  </select>
  <select id="mapselect" resultType="String">
    select name 
    from customer
    where id = #{ID}
    and name = #{NAME}
  </select>
  
</mapper>